<?xml version="1.0" encoding="UTF-8"?>
<testng-results skipped="0" failed="0" ignored="0" total="12" passed="12">
  <reporter-output>
  </reporter-output>
  <suite name="Test maven Suite" duration-ms="122" started-at="2021-09-07T06:49:48Z" finished-at="2021-09-07T06:49:48Z">
    <groups>
    </groups>
    <test name="Test maven testing" duration-ms="122" started-at="2021-09-07T06:49:48Z" finished-at="2021-09-07T06:49:48Z">
      <class name="com.qa.test.NewTest">
        <test-method status="PASS" signature="div()[pri:0, instance:com.qa.test.NewTest@6f7fd0e6]" name="div" duration-ms="10" started-at="2021-09-07T12:19:48Z" finished-at="2021-09-07T12:19:48Z">
          <reporter-output>
          </reporter-output>
        </test-method> <!-- div -->
        <test-method status="PASS" signature="mul()[pri:0, instance:com.qa.test.NewTest@6f7fd0e6]" name="mul" duration-ms="8" started-at="2021-09-07T12:19:48Z" finished-at="2021-09-07T12:19:48Z">
          <reporter-output>
          </reporter-output>
        </test-method> <!-- mul -->
        <test-method status="PASS" signature="sub()[pri:0, instance:com.qa.test.NewTest@6f7fd0e6]" name="sub" duration-ms="6" started-at="2021-09-07T12:19:48Z" finished-at="2021-09-07T12:19:48Z">
          <reporter-output>
          </reporter-output>
        </test-method> <!-- sub -->
        <test-method status="PASS" signature="sum()[pri:0, instance:com.qa.test.NewTest@6f7fd0e6]" name="sum" duration-ms="4" started-at="2021-09-07T12:19:48Z" finished-at="2021-09-07T12:19:48Z">
          <reporter-output>
          </reporter-output>
        </test-method> <!-- sum -->
      </class> <!-- com.qa.test.NewTest -->
      <class name="com.qa.test.NewTesttwo">
        <test-method status="PASS" signature="div()[pri:0, instance:com.qa.test.NewTesttwo@77caeb3e]" name="div" duration-ms="2" started-at="2021-09-07T12:19:48Z" finished-at="2021-09-07T12:19:48Z">
          <reporter-output>
          </reporter-output>
        </test-method> <!-- div -->
        <test-method status="PASS" signature="mul()[pri:0, instance:com.qa.test.NewTesttwo@77caeb3e]" name="mul" duration-ms="1" started-at="2021-09-07T12:19:48Z" finished-at="2021-09-07T12:19:48Z">
          <reporter-output>
          </reporter-output>
        </test-method> <!-- mul -->
        <test-method status="PASS" signature="sub()[pri:0, instance:com.qa.test.NewTesttwo@77caeb3e]" name="sub" duration-ms="3" started-at="2021-09-07T12:19:48Z" finished-at="2021-09-07T12:19:48Z">
          <reporter-output>
          </reporter-output>
        </test-method> <!-- sub -->
        <test-method status="PASS" signature="sum()[pri:0, instance:com.qa.test.NewTesttwo@77caeb3e]" name="sum" duration-ms="4" started-at="2021-09-07T12:19:48Z" finished-at="2021-09-07T12:19:48Z">
          <reporter-output>
          </reporter-output>
        </test-method> <!-- sum -->
      </class> <!-- com.qa.test.NewTesttwo -->
      <class name="com.qa.test.NewTestone">
        <test-method status="PASS" signature="div()[pri:0, instance:com.qa.test.NewTestone@66a3ffec]" name="div" duration-ms="2" started-at="2021-09-07T12:19:48Z" finished-at="2021-09-07T12:19:48Z">
          <reporter-output>
          </reporter-output>
        </test-method> <!-- div -->
        <test-method status="PASS" signature="mul()[pri:0, instance:com.qa.test.NewTestone@66a3ffec]" name="mul" duration-ms="3" started-at="2021-09-07T12:19:48Z" finished-at="2021-09-07T12:19:48Z">
          <reporter-output>
          </reporter-output>
        </test-method> <!-- mul -->
        <test-method status="PASS" signature="sub()[pri:0, instance:com.qa.test.NewTestone@66a3ffec]" name="sub" duration-ms="2" started-at="2021-09-07T12:19:48Z" finished-at="2021-09-07T12:19:48Z">
          <reporter-output>
          </reporter-output>
        </test-method> <!-- sub -->
        <test-method status="PASS" signature="sum()[pri:0, instance:com.qa.test.NewTestone@66a3ffec]" name="sum" duration-ms="2" started-at="2021-09-07T12:19:48Z" finished-at="2021-09-07T12:19:48Z">
          <reporter-output>
          </reporter-output>
        </test-method> <!-- sum -->
      </class> <!-- com.qa.test.NewTestone -->
    </test> <!-- Test maven testing -->
  </suite> <!-- Test maven Suite -->
</testng-results>
