<?xml version="1.0" encoding="UTF-8"?>
<!-- Generated by org.testng.reporters.JUnitXMLReporter -->
<testsuite hostname="DESKTOP-P0H3EMJ" ignored="0" name="Test maven testing" tests="12" failures="0" timestamp="07 Sep 2021 06:49:48 GMT" time="0.122" errors="0">
  <testcase name="div" time="0.01" classname="com.qa.test.NewTest"/>
  <testcase name="mul" time="0.008" classname="com.qa.test.NewTest"/>
  <testcase name="sub" time="0.006" classname="com.qa.test.NewTest"/>
  <testcase name="sum" time="0.004" classname="com.qa.test.NewTest"/>
  <testcase name="div" time="0.002" classname="com.qa.test.NewTestone"/>
  <testcase name="mul" time="0.003" classname="com.qa.test.NewTestone"/>
  <testcase name="sub" time="0.002" classname="com.qa.test.NewTestone"/>
  <testcase name="sum" time="0.002" classname="com.qa.test.NewTestone"/>
  <testcase name="div" time="0.002" classname="com.qa.test.NewTesttwo"/>
  <testcase name="mul" time="0.001" classname="com.qa.test.NewTesttwo"/>
  <testcase name="sub" time="0.003" classname="com.qa.test.NewTesttwo"/>
  <testcase name="sum" time="0.004" classname="com.qa.test.NewTesttwo"/>
</testsuite> <!-- Test maven testing -->
